{"gov_id": 2370, "gov_name": "四川省|眉山市|东坡区", "org_url": "http://www.dp.gov.cn/WebPages/Open.aspx", "des_title": "统计信息", "des_url": "http://www.dp.gov.cn/WebPages/NewsList.aspx?classId=20161221151956320", "gov_flag": 2, "gov_err": ""}
{"gov_id": 2372, "gov_name": "四川省|眉山市|仁寿县", "org_url": "http://www.rs.gov.cn", "des_title": "统计信息", "des_url": "http://www.rs.gov.cn/xxgk/tjxx.htm", "gov_flag": 2, "gov_err": ""}
{"gov_id": 2374, "gov_name": "四川省|眉山市|丹棱县", "org_url": "http://www.scdl.gov.cn/xxgk.htm", "des_title": "统计数据", "des_url": "http://www.scdl.gov.cn/xxgk/tjsj.htm", "gov_flag": 2, "gov_err": ""}
{"gov_id": 2375, "gov_name": "四川省|眉山市|青神县", "org_url": "http://www.scqs.gov.cn", "des_title": "统计信息", "des_url": "http://www.scqs.gov.cn/xxgk/jbxxgk/tjxx.htm", "gov_flag": 2, "gov_err": ""}
{"gov_id": 2376, "gov_name": "四川省|宜宾市", "org_url": "http://www.yibin.gov.cn/zwgk/index.html", "des_title": "统计公报", "des_url": "http://www.yibin.gov.cn/zwgk/list_statistic.jsp?classId=0207010402", "gov_flag": 2, "gov_err": ""}
{"gov_id": 2378, "gov_name": "四川省|宜宾市|南溪区", "org_url": "http://www.zgnx.gov.cn/gov/index.jhtml", "des_title": "统计数据", "des_url": "http://www.zgnx.gov.cn/zfxxgk_list_82.jspv", "gov_flag": 2, "gov_err": ""}
{"gov_id": 2379, "gov_name": "四川省|宜宾市|宜宾县", "org_url": "http://www.ybx.gov.cn", "des_title": "数据统计", "des_url": "http://www.ybx.gov.cn/30386/30417/30426/", "gov_flag": 2, "gov_err": ""}
{"gov_id": 2404, "gov_name": "四川省|雅安市|名山区", "org_url": "http://www.scms.gov.cn", "des_title": "统计公报", "des_url": "http://www.scms.gov.cn/govopen/list.jspx?channel=%E7%BB%9F%E8%AE%A1%E5%85%AC%E6%8A%A5", "gov_flag": 2, "gov_err": ""}
{"gov_id": 2404, "gov_name": "四川省|雅安市|名山区", "org_url": "http://www.scms.gov.cn", "des_title": "统计分析", "des_url": "http://www.scms.gov.cn/govopen/list.jspx?channel=%E7%BB%9F%E8%AE%A1%E5%88%86%E6%9E%90", "gov_flag": 2, "gov_err": ""}
{"gov_id": 2400, "gov_name": "四川省|达州市|渠县", "org_url": "http://www.quxian.gov.cn", "des_title": "统计公报", "des_url": "http://www.quxian.gov.cn/govopen/list.cdcb?channel=%E7%BB%9F%E8%AE%A1%E5%85%AC%E6%8A%A5", "gov_flag": 2, "gov_err": ""}
{"gov_id": 2400, "gov_name": "四川省|达州市|渠县", "org_url": "http://www.quxian.gov.cn", "des_title": "统计分析", "des_url": "http://www.quxian.gov.cn/govopen/list.cdcb?channel=%E7%BB%9F%E8%AE%A1%E5%88%86%E6%9E%90", "gov_flag": 2, "gov_err": ""}
{"gov_id": 2408, "gov_name": "四川省|雅安市|天全县", "org_url": "http://www.tqx.gov.cn/govopen/index.html", "des_title": "统计公报", "des_url": "http://www.tqx.gov.cn/catalog/64/index.html", "gov_flag": 2, "gov_err": ""}
{"gov_id": 2408, "gov_name": "四川省|雅安市|天全县", "org_url": "http://www.tqx.gov.cn/govopen/index.html", "des_title": "统计分析", "des_url": "http://www.tqx.gov.cn/catalog/154/index.html", "gov_flag": 2, "gov_err": ""}
{"gov_id": 2409, "gov_name": "四川省|雅安市|芦山县", "org_url": "http://www.yals.gov.cn", "des_title": "统计信息", "des_url": "http://www.yals.gov.cn/WebPage/NewsList.aspx?id=413", "gov_flag": 2, "gov_err": ""}
{"gov_id": 2369, "gov_name": "四川省|眉山市", "org_url": "http://www.ms.gov.cn", "des_title": "数据统计", "des_url": "http://www.ms.gov.cn/index/sjtj.htm", "gov_flag": 2, "gov_err": ""}
{"gov_id": 2368, "gov_name": "四川省|南充市|阆中市", "org_url": "http://www.langzhong.gov.cn/govopen/index.jspx", "des_title": "统计公报", "des_url": "http://www.langzhong.gov.cn/govopen/list.jspx?channel=%E7%BB%9F%E8%AE%A1%E5%85%AC%E6%8A%A5", "gov_flag": 2, "gov_err": ""}
{"gov_id": 2368, "gov_name": "四川省|南充市|阆中市", "org_url": "http://www.langzhong.gov.cn/govopen/index.jspx", "des_title": "统计分析", "des_url": "http://www.langzhong.gov.cn/govopen/list.jspx?channel=%E7%BB%9F%E8%AE%A1%E5%88%86%E6%9E%90", "gov_flag": 2, "gov_err": ""}
{"gov_id": 2366, "gov_name": "四川省|南充市|仪陇县", "org_url": "http://www.yilong.gov.cn/govopen/index.html", "des_title": "统计公报", "des_url": "http://www.yilong.gov.cn/catalog/23/index.html", "gov_flag": 2, "gov_err": ""}
{"gov_id": 2366, "gov_name": "四川省|南充市|仪陇县", "org_url": "http://www.yilong.gov.cn/govopen/index.html", "des_title": "统计分析", "des_url": "http://www.yilong.gov.cn/catalog/22/index.html", "gov_flag": 2, "gov_err": ""}
{"gov_id": 2365, "gov_name": "四川省|南充市|蓬安县", "org_url": "http://www.pengan.gov.cn", "des_title": "统计公报", "des_url": "http://www.pengan.gov.cn/Category_634/Index.aspx", "gov_flag": 2, "gov_err": ""}
{"gov_id": 2365, "gov_name": "四川省|南充市|蓬安县", "org_url": "http://www.pengan.gov.cn", "des_title": "统计数据", "des_url": "http://www.pengan.gov.cn/Category_634/Index.aspx", "gov_flag": 2, "gov_err": ""}
{"gov_id": 2364, "gov_name": "四川省|南充市|营山县", "org_url": "http://www.yingshan.gov.cn", "des_title": "统计动态", "des_url": "http://www.yingshan.gov.cn/Category_129/Index.aspx", "gov_flag": 2, "gov_err": ""}
{"gov_id": 2360, "gov_name": "四川省|南充市|顺庆区", "org_url": "http://www.shunqing.gov.cn", "des_title": "统计信息", "des_url": "http://www.shunqing.gov.cn/30386/30417/30426/", "gov_flag": 2, "gov_err": ""}
{"gov_id": 2278, "gov_name": "四川省|成都市|温江区", "org_url": "http://gk.chengdu.gov.cn/govInfoPub/county.action?classId=0712", "des_title": "统计数据", "des_url": "http://gk.chengdu.gov.cn/govInfoPub/dept.action?classId=071201&childId=071201020404&tn=2", "gov_flag": 2, "gov_err": ""}
{"gov_id": 2272, "gov_name": "四川省|成都市|金牛区", "org_url": "http://www.jinniu.gov.cn", "des_title": "统计信息", "des_url": "http://www.jinniu.gov.cn/gongkai.jsp?classId=32020407", "gov_flag": 2, "gov_err": ""}
{"gov_id": 2415, "gov_name": "四川省|巴中市|南江县", "org_url": "http://xxgk.scnj.gov.cn/", "des_title": "财政", "des_url": "http://xxgk.scnj.gov.cn/Search.aspx?columnId=40017", "gov_flag": 2, "gov_err": ""}
{"gov_id": 2414, "gov_name": "四川省|巴中市|通江县", "org_url": "http://www.tjxzf.gov.cn", "des_title": "统计信息", "des_url": "http://www.tjxzf.gov.cn/gov/zwgk/tjxx/index.jhtml", "gov_flag": 2, "gov_err": ""}
{"gov_id": 2416, "gov_name": "四川省|巴中市|平昌县", "org_url": "http://www.scpc.gov.cn", "des_title": "统计公报", "des_url": "http://www.scpc.gov.cn/SortHtml/1/List_217.html", "gov_flag": 2, "gov_err": ""}
{"gov_id": 2416, "gov_name": "四川省|巴中市|平昌县", "org_url": "http://www.scpc.gov.cn", "des_title": "统计分析", "des_url": "http://www.scpc.gov.cn/SortHtml/1/List_216.html", "gov_flag": 2, "gov_err": ""}
{"gov_id": 2416, "gov_name": "四川省|巴中市|平昌县", "org_url": "http://www.scpc.gov.cn", "des_title": "统计数据", "des_url": "http://www.scpc.gov.cn/SortHtml/1/List_215.html", "gov_flag": 2, "gov_err": ""}
{"gov_id": 2411, "gov_name": "四川省|巴中市", "org_url": "http://www.cnbz.gov.cn", "des_title": "统计公报", "des_url": "http://www.cnbz.gov.cn/xxgk/1/12/3/", "gov_flag": 2, "gov_err": ""}
{"gov_id": 2411, "gov_name": "四川省|巴中市", "org_url": "http://www.cnbz.gov.cn", "des_title": "统计分析", "des_url": "http://www.cnbz.gov.cn/xxgk/1/12/2/", "gov_flag": 2, "gov_err": ""}
{"gov_id": 2411, "gov_name": "四川省|巴中市", "org_url": "http://www.cnbz.gov.cn", "des_title": "统计数据", "des_url": "http://www.cnbz.gov.cn/xxgk/1/12/1/", "gov_flag": 2, "gov_err": ""}
{"gov_id": 2419, "gov_name": "四川省|资阳市|安岳县", "org_url": "http://www.aysc.gov.cn", "des_title": "统计数据", "des_url": "http://www.aysc.gov.cn/30386/30417/30426/", "gov_flag": 2, "gov_err": ""}
{"gov_id": 2418, "gov_name": "四川省|资阳市|雁江区", "org_url": "http://www.yanjiang.gov.cn", "des_title": "统计数据", "des_url": "http://www.yanjiang.gov.cn/30386/30417/30426/", "gov_flag": 2, "gov_err": ""}
{"gov_id": 2472, "gov_name": "四川省|凉山彝族自治州|雷波县", "org_url": "http://lb.lsz.gov.cn/leibo/xxgk8615/index.html", "des_title": "统计公报", "des_url": "http://lb.lsz.gov.cn/leibo/tjgb67/index.html", "gov_flag": 2, "gov_err": ""}
{"gov_id": 2472, "gov_name": "四川省|凉山彝族自治州|雷波县", "org_url": "http://lb.lsz.gov.cn/leibo/xxgk8615/index.html", "des_title": "统计数据", "des_url": "http://lb.lsz.gov.cn/leibo/tjsj45/index.html", "gov_flag": 2, "gov_err": ""}
{"gov_id": 2318, "gov_name": "四川省|绵阳市|涪城区", "org_url": "http://www.myfc.gov.cn", "des_title": "月度统计", "des_url": "http://www.myfc.gov.cn/fv_zwgk/zwgkList.jspv?id=186", "gov_flag": 2, "gov_err": ""}
{"gov_id": 2318, "gov_name": "四川省|绵阳市|涪城区", "org_url": "http://www.myfc.gov.cn", "des_title": "季度统计", "des_url": "http://www.myfc.gov.cn/fv_zwgk/zwgkList.jspv?id=185", "gov_flag": 2, "gov_err": ""}
{"gov_id": 2318, "gov_name": "四川省|绵阳市|涪城区", "org_url": "http://www.myfc.gov.cn", "des_title": "年度统计信息", "des_url": "http://www.myfc.gov.cn/fv_zwgk/zwgkList.jspv?id=80", "gov_flag": 2, "gov_err": ""}
{"gov_id": 2317, "gov_name": "四川省|绵阳市", "org_url": "http://www.my.gov.cn", "des_title": "年度数据", "des_url": "http://tjj.my.gov.cn/bmwz/942947781935366144/index.html", "gov_flag": 2, "gov_err": ""}
{"gov_id": 2317, "gov_name": "四川省|绵阳市", "org_url": "http://www.my.gov.cn", "des_title": "统计公报", "des_url": "http://tjj.my.gov.cn/bmwz/942957664655114240/index.html", "gov_flag": 2, "gov_err": ""}
{"gov_id": 2317, "gov_name": "四川省|绵阳市", "org_url": "http://www.my.gov.cn", "des_title": "月度数据", "des_url": "http://tjj.my.gov.cn/bmwz/942947773345431552/index.html", "gov_flag": 2, "gov_err": ""}
{"gov_id": 2317, "gov_name": "四川省|绵阳市", "org_url": "http://www.my.gov.cn", "des_title": "季度数据", "des_url": "http://tjj.my.gov.cn/bmwz/942947777640398848/index.html", "gov_flag": 2, "gov_err": ""}
{"gov_id": 2317, "gov_name": "四川省|绵阳市", "org_url": "http://www.my.gov.cn", "des_title": "经济动态", "des_url": "http://tjj.my.gov.cn/bmwz/942942271492325376/index.html", "gov_flag": 2, "gov_err": ""}
{"gov_id": 2421, "gov_name": "四川省|资阳市|简阳市", "org_url": "http://www.scjy.gov.cn/30386/", "des_title": "统计数据", "des_url": "http://www.scjy.gov.cn/30386/30417/30426/", "gov_flag": 2, "gov_err": ""}
{"gov_id": 2422, "gov_name": "四川省|阿坝藏族羌族自治州", "org_url": "http://www.abazhou.gov.cn", "des_title": "统计公报", "des_url": "http://www.abazhou.gov.cn/xxgk/zwgk/tjgb/", "gov_flag": 2, "gov_err": ""}
{"gov_id": 2423, "gov_name": "四川省|阿坝藏族羌族自治州|马尔康区", "org_url": "http://www.maerkang.gov.cn", "des_title": "统计公报", "des_url": "http://www.maerkang.gov.cn/html/news_53_1.html", "gov_flag": 2, "gov_err": ""}
{"gov_id": 2424, "gov_name": "四川省|阿坝藏族羌族自治州|汶川县", "org_url": "http://www.wenchuan.gov.cn", "des_title": "统计信息", "des_url": "http://www.wenchuan.gov.cn/NewsDefault.aspx?TabId=fabbb719d308470f954b94c5e681d868", "gov_flag": 2, "gov_err": ""}
{"gov_id": 2425, "gov_name": "四川省|阿坝藏族羌族自治州|理县", "org_url": "http://www.ablixian.gov.cn", "des_title": "统计信息", "des_url": "http://www.ablixian.gov.cn/dwzwgk/tjxx/", "gov_flag": 2, "gov_err": ""}
{"gov_id": 2426, "gov_name": "四川省|阿坝藏族羌族自治州|茂县", "org_url": "http://www.maoxian.gov.cn", "des_title": "统计信息", "des_url": "http://www.maoxian.gov.cn/xxgk/tjxx/", "gov_flag": 2, "gov_err": ""}
{"gov_id": 2427, "gov_name": "四川省|阿坝藏族羌族自治州|松潘县", "org_url": "http://www.songpan.gov.cn", "des_title": "统计信息", "des_url": "http://www.songpan.gov.cn/dwzwgk/jbxx/tjxxdwzwgk/", "gov_flag": 2, "gov_err": ""}
{"gov_id": 2428, "gov_name": "四川省|阿坝藏族羌族自治州|九寨沟县", "org_url": "http://www.jzg.gov.cn/xxgk/", "des_title": "统计信息", "des_url": "http://www.jzg.gov.cn/ygzw/xtjxx/", "gov_flag": 2, "gov_err": ""}
{"gov_id": 2429, "gov_name": "四川省|阿坝藏族羌族自治州|金川县", "org_url": "http://www.abjinchuan.gov.cn", "des_title": "统计信息", "des_url": "http://www.abjinchuan.gov.cn/xxgk/tjxx/", "gov_flag": 2, "gov_err": ""}
{"gov_id": 2308, "gov_name": "四川省|泸州市|叙永县", "org_url": "http://www.xuyong.gov.cn", "des_title": "统计信息", "des_url": "http://www.xuyong.gov.cn/news.jsp?urltype=tree.TreeTempUrl&wbtreeid=1057", "gov_flag": 2, "gov_err": ""}
{"gov_id": 2301, "gov_name": "四川省|攀枝花市|盐边县", "org_url": "http://www.scyanbian.gov.cn", "des_title": "统计公报", "des_url": "http://www.scyanbian.gov.cn/xxgk/tjxx/tjgb/index.shtml", "gov_flag": 2, "gov_err": ""}
{"gov_id": 2301, "gov_name": "四川省|攀枝花市|盐边县", "org_url": "http://www.scyanbian.gov.cn", "des_title": "统计数据", "des_url": "http://www.scyanbian.gov.cn/xxgk/tjxx/tjsj/index.shtml", "gov_flag": 2, "gov_err": ""}
{"gov_id": 2300, "gov_name": "四川省|攀枝花市|米易县", "org_url": "http://www.scmiyi.gov.cn", "des_title": "统计信息", "des_url": "http://www.scmiyi.gov.cn/qzwgk/tjxx/index.shtml", "gov_flag": 2, "gov_err": ""}
{"gov_id": 2302, "gov_name": "四川省|泸州市", "org_url": "http://www.luzhou.gov.cn/Category_462/Index.aspx", "des_title": "统计分析", "des_url": "http://www.luzhou.gov.cn/Category_485/Index.aspx", "gov_flag": 2, "gov_err": ""}
{"gov_id": 2302, "gov_name": "四川省|泸州市", "org_url": "http://www.luzhou.gov.cn/Category_462/Index.aspx", "des_title": "统计数据", "des_url": "http://www.luzhou.gov.cn/Category_20/Index.aspx", "gov_flag": 2, "gov_err": ""}
{"gov_id": 2305, "gov_name": "四川省|泸州市|龙马潭区", "org_url": "http://www.longmatan.gov.cn", "des_title": "统计信息", "des_url": "http://www.longmatan.gov.cn/Category_1380/Index.aspx", "gov_flag": 2, "gov_err": ""}
{"gov_id": 2304, "gov_name": "四川省|泸州市|纳溪区", "org_url": "http://www.naxi.gov.cn", "des_title": "统计信息", "des_url": "http://www.naxi.gov.cn/xxgk_list.jsp?id=8e76b9fd676d440eaa7af9d0a1141f17", "gov_flag": 2, "gov_err": ""}
{"gov_id": 2439, "gov_name": "四川省|甘孜藏族自治州|丹巴县", "org_url": "http://www.danba.gov.cn", "des_title": "统计公报", "des_url": "http://www.danba.gov.cn/13003/13028/13045/index.shtml", "gov_flag": 2, "gov_err": ""}
{"gov_id": 2438, "gov_name": "四川省|甘孜藏族自治州|泸定县", "org_url": "http://www.luding.gov.cn/11503/11507/index.shtml", "des_title": "统计信息", "des_url": "http://www.luding.gov.cn/11503/11507/11538/index.shtml", "gov_flag": 2, "gov_err": ""}
{"gov_id": 2437, "gov_name": "四川省|甘孜藏族自治州|康定市", "org_url": "http://www.kangding.gov.cn", "des_title": "统计公报", "des_url": "http://www.kangding.gov.cn/11118/11121/11166/index.shtml", "gov_flag": 2, "gov_err": ""}
{"gov_id": 2436, "gov_name": "四川省|甘孜藏族自治州", "org_url": "http://www.gzz.gov.cn:888/", "des_title": "财政", "des_url": "http://www.gzz.gov.cn:888/Search.aspx?columnId=40017", "gov_flag": 2, "gov_err": ""}
{"gov_id": 2435, "gov_name": "四川省|阿坝藏族羌族自治州|红原县", "org_url": "http://www.hongyuan.gov.cn/xxgk/", "des_title": "统计信息", "des_url": "http://www.hongyuan.gov.cn/xxgk/tjxx/", "gov_flag": 2, "gov_err": ""}
{"gov_id": 2434, "gov_name": "四川省|阿坝藏族羌族自治州|若尔盖县", "org_url": "http://www.ruoergai.gov.cn", "des_title": "统计信息", "des_url": "http://www.ruoergai.gov.cn/xxgk/zwgk/tjxx/", "gov_flag": 2, "gov_err": ""}
{"gov_id": 2433, "gov_name": "四川省|阿坝藏族羌族自治州|阿坝县", "org_url": "http://www.abaxian.gov.cn", "des_title": "统计信息", "des_url": "http://www.abaxian.gov.cn/xxgk_27815/tjxx/", "gov_flag": 2, "gov_err": ""}
{"gov_id": 2432, "gov_name": "四川省|阿坝藏族羌族自治州|壤塘县", "org_url": "http://www.rangtang.gov.cn", "des_title": "统计信息", "des_url": "http://www.rangtang.gov.cn/xxgk_30606/zcwj_3202/", "gov_flag": 2, "gov_err": ""}
{"gov_id": 2431, "gov_name": "四川省|阿坝藏族羌族自治州|黑水县", "org_url": "http://www.heishui.gov.cn", "des_title": "统计信息", "des_url": "http://www.heishui.gov.cn/dwzwgk/tjxxdwzwgk/", "gov_flag": 2, "gov_err": ""}
{"gov_id": 2430, "gov_name": "四川省|阿坝藏族羌族自治州|小金县", "org_url": "http://www.xiaojin.gov.cn", "des_title": "统计信息", "des_url": "http://www.xiaojin.gov.cn/xxgk/tjxx/", "gov_flag": 2, "gov_err": ""}
{"gov_id": 2351, "gov_name": "四川省|乐山市|金口河区", "org_url": "http://www.jkh.gov.cn/HTML/Index.aspx", "des_title": "月度统计", "des_url": "http://www.jkh.gov.cn/HTML/List.aspx?acID=99", "gov_flag": 2, "gov_err": ""}
{"gov_id": 2351, "gov_name": "四川省|乐山市|金口河区", "org_url": "http://www.jkh.gov.cn/HTML/Index.aspx", "des_title": "季度统计", "des_url": "http://www.jkh.gov.cn/HTML/List.aspx?acID=100", "gov_flag": 2, "gov_err": ""}
{"gov_id": 2351, "gov_name": "四川省|乐山市|金口河区", "org_url": "http://www.jkh.gov.cn/HTML/Index.aspx", "des_title": "年度统计信息", "des_url": "http://www.jkh.gov.cn/HTML/List.aspx?acID=101", "gov_flag": 2, "gov_err": ""}
{"gov_id": 2358, "gov_name": "四川省|乐山市|峨眉山市", "org_url": "http://www.emeishan.gov.cn/", "des_title": "统计信息", "des_url": "http://www.emeishan.gov.cn/List_1_1_4.html", "gov_flag": 2, "gov_err": ""}
{"gov_id": 2359, "gov_name": "四川省|南充市", "org_url": "http://www.nanchong.gov.cn/10000/10003/index.shtml", "des_title": "统计公报", "des_url": "http://www.nanchong.gov.cn/10000/10004/10007/10023/index.shtml", "gov_flag": 2, "gov_err": ""}
{"gov_id": 2335, "gov_name": "四川省|遂宁市", "org_url": "http://www.suining.gov.cn", "des_title": "年度数据", "des_url": "http://www.suining.gov.cn/10000/10002/10242/10295/index.shtml", "gov_flag": 2, "gov_err": ""}
{"gov_id": 2335, "gov_name": "四川省|遂宁市", "org_url": "http://www.suining.gov.cn", "des_title": "数据解读", "des_url": "http://www.suining.gov.cn/10000/10002/10242/10298/index.shtml", "gov_flag": 2, "gov_err": ""}
{"gov_id": 2335, "gov_name": "四川省|遂宁市", "org_url": "http://www.suining.gov.cn", "des_title": "月度数据", "des_url": "http://www.suining.gov.cn/10000/10002/10242/10297/index.shtml", "gov_flag": 2, "gov_err": ""}
{"gov_id": 2335, "gov_name": "四川省|遂宁市", "org_url": "http://www.suining.gov.cn", "des_title": "季度数据", "des_url": "http://www.suining.gov.cn/10000/10002/10242/10296/index.shtml", "gov_flag": 2, "gov_err": ""}
{"gov_id": 2330, "gov_name": "四川省|广元市|朝天区", "org_url": "http://www.gyct.gov.cn", "des_title": "统计数据", "des_url": "http://www.gyct.gov.cn/xxgk/jbxx/tjsj.htm", "gov_flag": 2, "gov_err": ""}
{"gov_id": 2331, "gov_name": "四川省|广元市|旺苍县", "org_url": "http://www.scgw.gov.cn/htm/index.html", "des_title": "统计信息", "des_url": "http://www.scgw.gov.cn/htm/OpenList.aspx?KeyWord=%e7%bb%9f%e8%ae%a1", "gov_flag": 2, "gov_err": ""}
{"gov_id": 2332, "gov_name": "四川省|广元市|青川县", "org_url": "http://www.cnqc.gov.cn", "des_title": "统计公报", "des_url": "http://www.cnqc.gov.cn/govopen/list.cdcb?channel=%E7%BB%9F%E8%AE%A1%E5%85%AC%E6%8A%A5", "gov_flag": 2, "gov_err": ""}
{"gov_id": 2332, "gov_name": "四川省|广元市|青川县", "org_url": "http://www.cnqc.gov.cn", "des_title": "统计分析", "des_url": "http://www.cnqc.gov.cn/govopen/list.cdcb?channel=%E7%BB%9F%E8%AE%A1%E5%88%86%E6%9E%90", "gov_flag": 2, "gov_err": ""}
{"gov_id": 2333, "gov_name": "四川省|广元市|剑阁县", "org_url": "http://www.cnjg.gov.cn/article_zwgk.aspx", "des_title": "统计信息", "des_url": "http://www.cnjg.gov.cn/articlelist.aspx?id=194", "gov_flag": 2, "gov_err": ""}
{"gov_id": 2338, "gov_name": "四川省|遂宁市|蓬溪县", "org_url": "http://www.pengxi.gov.cn/xxgk/", "des_title": "统计数据", "des_url": "http://gk.pengxi.gov.cn/xxgk/search/%E7%BB%9F%E8%AE%A1%E6%95%B0%E6%8D%AE", "gov_flag": 2, "gov_err": ""}
{"gov_id": 2339, "gov_name": "四川省|遂宁市|射洪县", "org_url": "http://www.shehong.gov.cn", "des_title": "统计信息", "des_url": "http://www.shehong.gov.cn/xxgk/tjxx/", "gov_flag": 2, "gov_err": ""}
{"gov_id": 2449, "gov_name": "四川省|甘孜藏族自治州|色达县", "org_url": "http://www.sdzf.gov.cn", "des_title": "统计信息", "des_url": "http://www.sdzf.gov.cn/13957/13960/13989/index.shtml", "gov_flag": 2, "gov_err": ""}
{"gov_id": 2442, "gov_name": "四川省|甘孜藏族自治州|道孚县", "org_url": "http://gzdf.gov.cn", "des_title": "统计公报", "des_url": "http://gzdf.gov.cn/14166/14258/14275/index.shtml", "gov_flag": 2, "gov_err": ""}
{"gov_id": 2440, "gov_name": "四川省|甘孜藏族自治州|九龙县", "org_url": "http://www.scjl.gov.cn/14174/14177/index.shtml", "des_title": "统计数据", "des_url": "http://www.scjl.gov.cn/14174/14177/14356/index.shtml", "gov_flag": 2, "gov_err": ""}
{"gov_id": 2441, "gov_name": "四川省|甘孜藏族自治州|雅江县", "org_url": "http://www.yajiang.gov.cn/13372/13374/index.shtml", "des_title": "统计数据", "des_url": "http://www.yajiang.gov.cn/13372/13374/13422/index.shtml", "gov_flag": 2, "gov_err": ""}
{"gov_id": 2446, "gov_name": "四川省|甘孜藏族自治州|德格县", "org_url": "http://www.dege.gov.cn", "des_title": "统计信息", "des_url": "http://www.dege.gov.cn/11630/11633/11661/index.shtml", "gov_flag": 2, "gov_err": ""}
{"gov_id": 2447, "gov_name": "四川省|甘孜藏族自治州|白玉县", "org_url": "http://www.baiyu.gov.cn", "des_title": "统计公报", "des_url": "http://www.baiyu.gov.cn/12063/12066/12124/index.shtml", "gov_flag": 2, "gov_err": ""}
{"gov_id": 2444, "gov_name": "四川省|甘孜藏族自治州|甘孜县", "org_url": "http://www.ganzi.gov.cn/13291/13293/index.shtml", "des_title": "统计分析", "des_url": "http://www.ganzi.gov.cn/13291/13293/13531/index.shtml", "gov_flag": 2, "gov_err": ""}
{"gov_id": 2445, "gov_name": "四川省|甘孜藏族自治州|新龙县", "org_url": "http://www.gzxl.gov.cn", "des_title": "统计数据", "des_url": "http://www.gzxl.gov.cn/12592/12595/12742/index.shtml", "gov_flag": 2, "gov_err": ""}
{"gov_id": 2323, "gov_name": "四川省|绵阳市|梓潼县", "org_url": "http://zitong.my.gov.cn", "des_title": "统计公报", "des_url": "http://zitong.my.gov.cn/govopen/list.cdcb?channel=%E7%BB%9F%E8%AE%A1%E5%85%AC%E6%8A%A5", "gov_flag": 2, "gov_err": ""}
{"gov_id": 2323, "gov_name": "四川省|绵阳市|梓潼县", "org_url": "http://zitong.my.gov.cn", "des_title": "统计分析", "des_url": "http://zitong.my.gov.cn/govopen/list.cdcb?channel=%E7%BB%9F%E8%AE%A1%E5%88%86%E6%9E%90", "gov_flag": 2, "gov_err": ""}
{"gov_id": 2321, "gov_name": "四川省|绵阳市|盐亭县", "org_url": "http://yanting.my.gov.cn", "des_title": "统计信息", "des_url": "http://yanting.my.gov.cn/yanting/365650288398303232/index.html", "gov_flag": 2, "gov_err": ""}
{"gov_id": 2320, "gov_name": "四川省|绵阳市|三台县", "org_url": "http://www.sttc.gov.cn/wMcms_Type.asp?WM_typeid=2", "des_title": "统计数据", "des_url": "http://www.sttc.gov.cn/wMcms_NosmallClass.asp?WM_typeid=2&WM_bigclassid=118", "gov_flag": 2, "gov_err": ""}
{"gov_id": 2326, "gov_name": "四川省|绵阳市|江油市", "org_url": "http://www.jy.gov.cn/SortHtml/1/List_77.html", "des_title": "统计信息", "des_url": "http://www.jy.gov.cn/SortHtml/1/List_99.html", "gov_flag": 2, "gov_err": ""}
{"gov_id": 2325, "gov_name": "四川省|绵阳市|平武县", "org_url": "http://www.pingwu.gov.cn", "des_title": "统计信息", "des_url": "http://www.pingwu.gov.cn/channels/36.html", "gov_flag": 2, "gov_err": ""}
{"gov_id": 2324, "gov_name": "四川省|绵阳市|北川羌族自治县", "org_url": "http://www.beichuan.gov.cn", "des_title": "统计信息", "des_url": "http://www.beichuan.gov.cn/pagelist.jsp?id=e10f9be365244b44bddeac20c56c21c6", "gov_flag": 2, "gov_err": ""}
{"gov_id": 2459, "gov_name": "四川省|凉山彝族自治州|德昌县", "org_url": "http://dc.lsz.gov.cn", "des_title": "统计信息", "des_url": "http://dc.lsz.gov.cn/dechang/_2494217/index.html", "gov_flag": 2, "gov_err": ""}
{"gov_id": 2458, "gov_name": "四川省|凉山彝族自治州|盐源县", "org_url": "http://yy.lsz.gov.cn", "des_title": "统计公报", "des_url": "http://yy.lsz.gov.cn/yuanyan/tjgb/index.html", "gov_flag": 2, "gov_err": ""}
{"gov_id": 2458, "gov_name": "四川省|凉山彝族自治州|盐源县", "org_url": "http://yy.lsz.gov.cn", "des_title": "统计数据", "des_url": "http://yy.lsz.gov.cn/yuanyan/tjsj62/index.html", "gov_flag": 2, "gov_err": ""}
{"gov_id": 2451, "gov_name": "四川省|甘孜藏族自治州|巴塘县", "org_url": "http://www.batang.gov.cn/13771/13779/index.shtml", "des_title": "统计数据", "des_url": "http://www.batang.gov.cn/13771/13779/13790/index.shtml", "gov_flag": 2, "gov_err": ""}
{"gov_id": 2450, "gov_name": "四川省|甘孜藏族自治州|理塘县", "org_url": "http://www.ganzi.gov.cn/13291/13293/index.shtml", "des_title": "统计分析", "des_url": "http://www.ganzi.gov.cn/13291/13293/13531/index.shtml", "gov_flag": 2, "gov_err": ""}
{"gov_id": 2455, "gov_name": "四川省|凉山彝族自治州", "org_url": "http://www.lsz.gov.cn/lszrmzf_new/xxgk12/index.shtml", "des_title": "数据分析", "des_url": "http://www.lsz.gov.cn/lszrmzf_new/sjfx/index.shtml", "gov_flag": 2, "gov_err": ""}
{"gov_id": 2455, "gov_name": "四川省|凉山彝族自治州", "org_url": "http://www.lsz.gov.cn/lszrmzf_new/xxgk12/index.shtml", "des_title": "城乡居民收入", "des_url": "http://www.lsz.gov.cn/lszrmzf_new/cxjmsr/index.shtml", "gov_flag": 2, "gov_err": ""}
{"gov_id": 2455, "gov_name": "四川省|凉山彝族自治州", "org_url": "http://www.lsz.gov.cn/lszrmzf_new/xxgk12/index.shtml", "des_title": "普查公报", "des_url": "http://www.lsz.gov.cn/lszrmzf_new/jjpcgb50/index.shtml", "gov_flag": 2, "gov_err": ""}
{"gov_id": 2455, "gov_name": "四川省|凉山彝族自治州", "org_url": "http://www.lsz.gov.cn/lszrmzf_new/xxgk12/index.shtml", "des_title": "居民消费价格指数", "des_url": "http://www.lsz.gov.cn/lszrmzf_new/jmxfjgzs/index.shtml", "gov_flag": 2, "gov_err": ""}
{"gov_id": 2455, "gov_name": "四川省|凉山彝族自治州", "org_url": "http://www.lsz.gov.cn/lszrmzf_new/xxgk12/index.shtml", "des_title": "国民经济和社会发展统计公报", "des_url": "http://www.lsz.gov.cn/lszrmzf_new/gmjjhshfztjgb39/index.shtml", "gov_flag": 2, "gov_err": ""}
{"gov_id": 2455, "gov_name": "四川省|凉山彝族自治州", "org_url": "http://www.lsz.gov.cn/lszrmzf_new/xxgk12/index.shtml", "des_title": "固定资产投资", "des_url": "http://www.lsz.gov.cn/lszrmzf_new/gdzctz14/index.shtml", "gov_flag": 2, "gov_err": ""}
{"gov_id": 2455, "gov_name": "四川省|凉山彝族自治州", "org_url": "http://www.lsz.gov.cn/lszrmzf_new/xxgk12/index.shtml", "des_title": "主要工业品价格指数", "des_url": "http://www.lsz.gov.cn/lszrmzf_new/zygypjgzs41/index.shtml", "gov_flag": 2, "gov_err": ""}
{"gov_id": 2455, "gov_name": "四川省|凉山彝族自治州", "org_url": "http://www.lsz.gov.cn/lszrmzf_new/xxgk12/index.shtml", "des_title": "社会消费品零售总额", "des_url": "http://www.lsz.gov.cn/lszrmzf_new/shxfplsze/index.shtml", "gov_flag": 2, "gov_err": ""}
{"gov_id": 2455, "gov_name": "四川省|凉山彝族自治州", "org_url": "http://www.lsz.gov.cn/lszrmzf_new/xxgk12/index.shtml", "des_title": "规模以上工业生产、销售、经济效益", "des_url": "http://www.lsz.gov.cn/lszrmzf_new/gmysgyscxsjjxy93/index.shtml", "gov_flag": 2, "gov_err": ""}
{"gov_id": 2455, "gov_name": "四川省|凉山彝族自治州", "org_url": "http://www.lsz.gov.cn/lszrmzf_new/xxgk12/index.shtml", "des_title": "财政", "des_url": "http://www.lsz.gov.cn/lszrmzf_new/cz14/index.shtml", "gov_flag": 2, "gov_err": ""}
{"gov_id": 2455, "gov_name": "四川省|凉山彝族自治州", "org_url": "http://www.lsz.gov.cn/lszrmzf_new/xxgk12/index.shtml", "des_title": "金融", "des_url": "http://www.lsz.gov.cn/lszrmzf_new/jr57/index.shtml", "gov_flag": 2, "gov_err": ""}
{"gov_id": 2455, "gov_name": "四川省|凉山彝族自治州", "org_url": "http://www.lsz.gov.cn/lszrmzf_new/xxgk12/index.shtml", "des_title": "地区生产总值", "des_url": "http://www.lsz.gov.cn/lszrmzf_new/dqsczz89/index.shtml", "gov_flag": 2, "gov_err": ""}
{"gov_id": 2454, "gov_name": "四川省|甘孜藏族自治州|得荣县", "org_url": "http://www.gzdr.gov.cn", "des_title": "统计公报", "des_url": "http://www.gzdr.gov.cn/12330/12331/12382/index.shtml", "gov_flag": 2, "gov_err": ""}
{"gov_id": 2457, "gov_name": "四川省|凉山彝族自治州|木里藏族自治县", "org_url": "http://ml.lsz.gov.cn", "des_title": "年度数据", "des_url": "http://ml.lsz.gov.cn/muli/ndsj71/index.html", "gov_flag": 2, "gov_err": ""}
{"gov_id": 2457, "gov_name": "四川省|凉山彝族自治州|木里藏族自治县", "org_url": "http://ml.lsz.gov.cn", "des_title": "月度数据", "des_url": "http://ml.lsz.gov.cn/muli/ydsj3/index.html", "gov_flag": 2, "gov_err": ""}
{"gov_id": 2457, "gov_name": "四川省|凉山彝族自治州|木里藏族自治县", "org_url": "http://ml.lsz.gov.cn", "des_title": "季度数据", "des_url": "http://ml.lsz.gov.cn/muli/jdsj31/index.html", "gov_flag": 2, "gov_err": ""}
{"gov_id": 2268, "gov_name": "四川省", "org_url": "http://www.sc.gov.cn", "des_title": "最新数据", "des_url": "http://www.sc.gov.cn/10462/13797/13872/index.shtml", "gov_flag": 2, "gov_err": ""}
{"gov_id": 2268, "gov_name": "四川省", "org_url": "http://www.sc.gov.cn", "des_title": "资源下载", "des_url": "http://www.sc.gov.cn/10462/13797/13873/index.shtml", "gov_flag": 2, "gov_err": ""}
{"gov_id": 2268, "gov_name": "四川省", "org_url": "http://www.sc.gov.cn", "des_title": "常用数据", "des_url": "http://www.sc.gov.cn/10462/13797/13874/index.shtml", "gov_flag": 2, "gov_err": ""}
{"gov_id": 2464, "gov_name": "四川省|凉山彝族自治州|布拖县", "org_url": "http://bt.lsz.gov.cn", "des_title": "统计信息", "des_url": "http://bt.lsz.gov.cn/index.php/article/index/cid/22.html", "gov_flag": 2, "gov_err": ""}
{"gov_id": 2465, "gov_name": "四川省|凉山彝族自治州|金阳县", "org_url": "http://jy.lsz.gov.cn/jinyang/xxgk63/index.html", "des_title": "统计信息", "des_url": "http://jy.lsz.gov.cn/jinyang/tjxx34/index.html", "gov_flag": 2, "gov_err": ""}
{"gov_id": 2466, "gov_name": "四川省|凉山彝族自治州|昭觉县", "org_url": "http://zj.lsz.gov.cn", "des_title": "统计数据解读", "des_url": "http://zj.lsz.gov.cn/zhaojue/tjsjjd/index.html", "gov_flag": 2, "gov_err": ""}
{"gov_id": 2466, "gov_name": "四川省|凉山彝族自治州|昭觉县", "org_url": "http://zj.lsz.gov.cn", "des_title": "国民经济和社会发展统计公报", "des_url": "http://zj.lsz.gov.cn/zhaojue/gmjjhshfztjgb16/index.html", "gov_flag": 2, "gov_err": ""}
{"gov_id": 2466, "gov_name": "四川省|凉山彝族自治州|昭觉县", "org_url": "http://zj.lsz.gov.cn", "des_title": "统计数据", "des_url": "http://zj.lsz.gov.cn/zhaojue/tjsj68/index.html", "gov_flag": 2, "gov_err": ""}
{"gov_id": 2466, "gov_name": "四川省|凉山彝族自治州|昭觉县", "org_url": "http://zj.lsz.gov.cn", "des_title": "经济普查公报", "des_url": "http://zj.lsz.gov.cn/zhaojue/jjpcgb4/index.html", "gov_flag": 2, "gov_err": ""}
{"gov_id": 2467, "gov_name": "四川省|凉山彝族自治州|喜德县", "org_url": "http://www.scxd.gov.cn", "des_title": "年度数据", "des_url": "http://www.scxd.gov.cn/xdx/ndsj81/index.html", "gov_flag": 2, "gov_err": ""}
{"gov_id": 2467, "gov_name": "四川省|凉山彝族自治州|喜德县", "org_url": "http://www.scxd.gov.cn", "des_title": "月度数据", "des_url": "http://www.scxd.gov.cn/xdx/ydsj48/index.html", "gov_flag": 2, "gov_err": ""}
{"gov_id": 2467, "gov_name": "四川省|凉山彝族自治州|喜德县", "org_url": "http://www.scxd.gov.cn", "des_title": "季度数据", "des_url": "http://www.scxd.gov.cn/xdx/jdsj93/index.html", "gov_flag": 2, "gov_err": ""}
{"gov_id": 2460, "gov_name": "四川省|凉山彝族自治州|会理县", "org_url": "http://hl.lsz.gov.cn/huilixian/xxgk86/index.html", "des_title": "年度数据", "des_url": "http://hl.lsz.gov.cn/huilixian/ndsj67/index.html", "gov_flag": 2, "gov_err": ""}
{"gov_id": 2460, "gov_name": "四川省|凉山彝族自治州|会理县", "org_url": "http://hl.lsz.gov.cn/huilixian/xxgk86/index.html", "des_title": "统计分析", "des_url": "http://hl.lsz.gov.cn/huilixian/tjfx43/index.html", "gov_flag": 2, "gov_err": ""}
{"gov_id": 2460, "gov_name": "四川省|凉山彝族自治州|会理县", "org_url": "http://hl.lsz.gov.cn/huilixian/xxgk86/index.html", "des_title": "月度数据", "des_url": "http://hl.lsz.gov.cn/huilixian/ydsj89/index.html", "gov_flag": 2, "gov_err": ""}
{"gov_id": 2460, "gov_name": "四川省|凉山彝族自治州|会理县", "org_url": "http://hl.lsz.gov.cn/huilixian/xxgk86/index.html", "des_title": "季度数据", "des_url": "http://hl.lsz.gov.cn/huilixian/jdsj1/index.html", "gov_flag": 2, "gov_err": ""}
{"gov_id": 2461, "gov_name": "四川省|凉山彝族自治州|会东县", "org_url": "http://www.schd.gov.cn", "des_title": "年度数据", "des_url": "http://www.schd.gov.cn/huidong/ndsj/index.html", "gov_flag": 2, "gov_err": ""}
{"gov_id": 2461, "gov_name": "四川省|凉山彝族自治州|会东县", "org_url": "http://www.schd.gov.cn", "des_title": "统计分析", "des_url": "http://www.schd.gov.cn/huidong/2065754/index.html", "gov_flag": 2, "gov_err": ""}
{"gov_id": 2461, "gov_name": "四川省|凉山彝族自治州|会东县", "org_url": "http://www.schd.gov.cn", "des_title": "月度数据", "des_url": "http://www.schd.gov.cn/huidong/ydsj/index.html", "gov_flag": 2, "gov_err": ""}
{"gov_id": 2461, "gov_name": "四川省|凉山彝族自治州|会东县", "org_url": "http://www.schd.gov.cn", "des_title": "季度数据", "des_url": "http://www.schd.gov.cn/huidong/jdsj/index.html", "gov_flag": 2, "gov_err": ""}
{"gov_id": 2279, "gov_name": "四川省|成都市|双流区", "org_url": "http://www.shuangliu.gov.cn", "des_title": "统计数据", "des_url": "http://www.shuangliu.gov.cn/zhengwu/more_allpurpose.jsp?ClassID=07180246020404", "gov_flag": 2, "gov_err": ""}
{"gov_id": 2271, "gov_name": "四川省|成都市|青羊区", "org_url": "http://www.cdqingyang.gov.cn/qyq/zwgk/zwgk.shtml", "des_title": "统计信息", "des_url": "http://www.cdqingyang.gov.cn/qyq/tjxx/zwgk_list1.shtml", "gov_flag": 2, "gov_err": ""}
{"gov_id": 2270, "gov_name": "四川省|成都市|锦江区", "org_url": "http://www.cdjinjiang.gov.cn", "des_title": "统计信息", "des_url": "http://www.cdjinjiang.gov.cn/index.php?cid=53", "gov_flag": 2, "gov_err": ""}
{"gov_id": 2277, "gov_name": "四川省|成都市|新都区", "org_url": "http://www.xindu.gov.cn", "des_title": "统计信息", "des_url": "http://www.xindu.gov.cn/xdq/zwgk/gkxx_list.shtml?classId=071101020404", "gov_flag": 2, "gov_err": ""}
{"gov_id": 2276, "gov_name": "四川省|成都市|青白江区", "org_url": "http://www.qbj.gov.cn", "des_title": "统计信息", "des_url": "http://www.qbj.gov.cn/eportal/ui?pageId=989552", "gov_flag": 2, "gov_err": ""}
{"gov_id": 2471, "gov_name": "四川省|凉山彝族自治州|美姑县", "org_url": "http://mg.lsz.gov.cn/meigu/xxgk14/index.html", "des_title": "统计公报", "des_url": "http://mg.lsz.gov.cn/meigu/tjgb86/index.html", "gov_flag": 2, "gov_err": ""}
{"gov_id": 2471, "gov_name": "四川省|凉山彝族自治州|美姑县", "org_url": "http://mg.lsz.gov.cn/meigu/xxgk14/index.html", "des_title": "统计数据", "des_url": "http://mg.lsz.gov.cn/meigu/tjsj85/index.html", "gov_flag": 2, "gov_err": ""}
{"gov_id": 2470, "gov_name": "四川省|凉山彝族自治州|甘洛县", "org_url": "http://www.ganluo.gov.cn", "des_title": "统计信息", "des_url": "http://www.ganluo.gov.cn/zwgk/more.jsp?ClassID=02020110", "gov_flag": 2, "gov_err": ""}
{"gov_id": 2349, "gov_name": "四川省|乐山市|沙湾区", "org_url": "http://www.shawan.gov.cn/html/Index.asp", "des_title": "统计信息", "des_url": "http://www.shawan.gov.cn/html/List.asp?MCNameOneTitle=%D5%FE%CE%F1%B9%AB%BF%AA&MCNameTwoTitle=%CD%B3%BC%C6%D0%C5%CF%A2", "gov_flag": 2, "gov_err": ""}
{"gov_id": 2462, "gov_name": "四川省|凉山彝族自治州|宁南县", "org_url": "http://nn.lsz.gov.cn", "des_title": "统计数据解读", "des_url": "http://nn.lsz.gov.cn/ningnan/tjsjjd78/index.html", "gov_flag": 2, "gov_err": ""}
{"gov_id": 2462, "gov_name": "四川省|凉山彝族自治州|宁南县", "org_url": "http://nn.lsz.gov.cn", "des_title": "国民经济和社会发展统计公报", "des_url": "http://nn.lsz.gov.cn/ningnan/gmjjhshfztjgb50/index.html", "gov_flag": 2, "gov_err": ""}
{"gov_id": 2462, "gov_name": "四川省|凉山彝族自治州|宁南县", "org_url": "http://nn.lsz.gov.cn", "des_title": "统计数据", "des_url": "http://nn.lsz.gov.cn/ningnan/tjsj4/index.html", "gov_flag": 2, "gov_err": ""}
{"gov_id": 2463, "gov_name": "四川省|凉山彝族自治州|普格县", "org_url": "http://www.pgx.gov.cn", "des_title": "统计数据解读", "des_url": "http://www.pgx.gov.cn/pgx/tjsjjd79/index.html", "gov_flag": 2, "gov_err": ""}
{"gov_id": 2463, "gov_name": "四川省|凉山彝族自治州|普格县", "org_url": "http://www.pgx.gov.cn", "des_title": "国民经济和社会发展统计公报", "des_url": "http://www.pgx.gov.cn/pgx/gmjjhshfztjgb46/index.html", "gov_flag": 2, "gov_err": ""}
{"gov_id": 2463, "gov_name": "四川省|凉山彝族自治州|普格县", "org_url": "http://www.pgx.gov.cn", "des_title": "统计数据", "des_url": "http://www.pgx.gov.cn/pgx/tjsj7/index.html", "gov_flag": 2, "gov_err": ""}
{"gov_id": 2463, "gov_name": "四川省|凉山彝族自治州|普格县", "org_url": "http://www.pgx.gov.cn", "des_title": "经济普查公报", "des_url": "http://www.pgx.gov.cn/pgx/jjpcgb95/index.html", "gov_flag": 2, "gov_err": ""}
{"gov_id": 2468, "gov_name": "四川省|凉山彝族自治州|冕宁县", "org_url": "http://mn.lsz.gov.cn", "des_title": "统计信息", "des_url": "http://mn.lsz.gov.cn/mianning/_2511030/index.html", "gov_flag": 2, "gov_err": ""}
{"gov_id": 2469, "gov_name": "四川省|凉山彝族自治州|越西县", "org_url": "http://www.scyx.gov.cn:8081/Index.html", "des_title": "统计信息", "des_url": "http://www.scyx.gov.cn:8081/Articlepart/Index.html?ItemNo=100300020006", "gov_flag": 2, "gov_err": ""}
{"gov_id": 2393, "gov_name": "四川省|广安市|华蓥市", "org_url": "http://www.hys.gov.cn", "des_title": "统计数据", "des_url": "http://www.hys.gov.cn/ZWGK_info_list.jsp?urltype=tree.TreeTempUrl&wbtreeid=1334", "gov_flag": 2, "gov_err": ""}
{"gov_id": 2391, "gov_name": "四川省|广安市|武胜县", "org_url": "http://www.wusheng.gov.cn/zwgk.html", "des_title": "统计信息", "des_url": "http://www.wusheng.gov.cn/detail_list.jsp?id=69fe49d539eb4c6ba2407da7c7ebdb11", "gov_flag": 2, "gov_err": ""}
{"gov_id": 2395, "gov_name": "四川省|达州市|通川区", "org_url": "http://www.tchuan.gov.cn", "des_title": "统计公报", "des_url": "http://www.tchuan.gov.cn/govopen/list.cdcb?channel=统计公报", "gov_flag": 2, "gov_err": ""}
{"gov_id": 2395, "gov_name": "四川省|达州市|通川区", "org_url": "http://www.tchuan.gov.cn", "des_title": "统计分析", "des_url": "http://www.tchuan.gov.cn/govopen/list.cdcb?channel=金融分析", "gov_flag": 2, "gov_err": ""}
{"gov_id": 2395, "gov_name": "四川省|达州市|通川区", "org_url": "http://www.tchuan.gov.cn", "des_title": "统计数据", "des_url": "http://www.tchuan.gov.cn/govopen/list.cdcb?channel=统计数据", "gov_flag": 2, "gov_err": ""}
{"gov_id": 2383, "gov_name": "四川省|宜宾市|珙县", "org_url": "http://www.gongxian.gov.cn/27694/", "des_title": "统计数据", "des_url": "http://www.gongxian.gov.cn/zfxxgk/idx_1.jsp?channelId=40012&page=1", "gov_flag": 2, "gov_err": ""}
{"gov_id": 2382, "gov_name": "四川省|宜宾市|高县", "org_url": "http://www.gaoxian.gov.cn", "des_title": "统计数据", "des_url": "http://www.gaoxian.gov.cn/30386/30417/30426/", "gov_flag": 2, "gov_err": ""}
{"gov_id": 2385, "gov_name": "四川省|宜宾市|兴文县", "org_url": "http://www.scxwx.gov.cn", "des_title": "统计信息", "des_url": "http://www.scxwx.gov.cn/index/plist/cid/207.html", "gov_flag": 2, "gov_err": ""}
{"gov_id": 2384, "gov_name": "四川省|宜宾市|筠连县", "org_url": "http://www.scjlx.gov.cn/zwgk.jsp", "des_title": "统计信息", "des_url": "http://www.scjlx.gov.cn/pagelist.jsp?id=402881af412488c8014124a2edbc001b", "gov_flag": 2, "gov_err": ""}
{"gov_id": 2387, "gov_name": "四川省|广安市", "org_url": "http://www.guang-an.gov.cn/gasrmzfw/zwgk/zwgk.shtml", "des_title": "统计信息", "des_url": "http://www.guang-an.gov.cn/ls-integration/xxgk/theme/list.do?channelid=40012&clicksp=1", "gov_flag": 2, "gov_err": ""}
{"gov_id": 2389, "gov_name": "四川省|广安市|前锋区", "org_url": "http://www.qf.gov.cn", "des_title": "数据统计", "des_url": "http://www.qf.gov.cn/30386/30417/30426/", "gov_flag": 2, "gov_err": ""}
{"gov_id": 2388, "gov_name": "四川省|广安市|广安区", "org_url": "http://www.guanganqu.gov.cn", "des_title": "统计信息", "des_url": "http://www.guanganqu.gov.cn/tjxx/index.jhtml", "gov_flag": 2, "gov_err": ""}
{"gov_id": 2397, "gov_name": "四川省|达州市|宣汉县", "org_url": "http://www.xuanhan.gov.cn/govopen/index.html", "des_title": "统计公报", "des_url": "http://www.xuanhan.gov.cn/catalog/21/index.html", "gov_flag": 2, "gov_err": ""}
{"gov_id": 2397, "gov_name": "四川省|达州市|宣汉县", "org_url": "http://www.xuanhan.gov.cn/govopen/index.html", "des_title": "统计分析", "des_url": "http://www.xuanhan.gov.cn/catalog/20/index.html", "gov_flag": 2, "gov_err": ""}
{"gov_id": 2356, "gov_name": "四川省|乐山市|峨边彝族自治县", "org_url": "http://www.eb.gov.cn", "des_title": "统计信息", "des_url": "http://www.eb.gov.cn/pagelist.jsp?id=66cdd42a69684497802c4c19767fae0c", "gov_flag": 2, "gov_err": ""}
{"gov_id": 2357, "gov_name": "四川省|乐山市|马边彝族自治县", "org_url": "http://www.mabian.gov.cn/new/list/90.html", "des_title": "统计数据", "des_url": "http://www.mabian.gov.cn/new/list/99.html", "gov_flag": 2, "gov_err": ""}
{"gov_id": 2354, "gov_name": "四川省|乐山市|夹江县", "org_url": "http://www.jiajiang.gov.cn", "des_title": "统计公报", "des_url": "http://www.jiajiang.gov.cn/news/xxgk/234.html", "gov_flag": 2, "gov_err": ""}
{"gov_id": 2354, "gov_name": "四川省|乐山市|夹江县", "org_url": "http://www.jiajiang.gov.cn", "des_title": "统计数据", "des_url": "http://www.jiajiang.gov.cn/news/xxgk/236.html", "gov_flag": 2, "gov_err": ""}
{"gov_id": 2352, "gov_name": "四川省|乐山市|犍为县", "org_url": "http://www.qianwei.gov.cn", "des_title": "统计信息", "des_url": "http://218.88.187.168/OpenInfo/OtherList.aspx?Model=6CF43E64401AED2A&QXName=C2C891D56CB298DC2174192BC6B7E1670C008CC0323EE5474DC471BAFBE4E067&&DeptName=C3BBB5E83241DEB7604B76238AC72A145F806D5B7380694CF03C444051BF18D3", "gov_flag": 2, "gov_err": ""}
{"gov_id": 2289, "gov_name": "四川省|自贡市", "org_url": "http://www.zg.gov.cn", "des_title": "统计数据", "des_url": "http://www.zg.gov.cn/tjsj", "gov_flag": 2, "gov_err": ""}
{"gov_id": 2282, "gov_name": "四川省|成都市|大邑县", "org_url": "http://gk.chengdu.gov.cn/govInfoPub/county.action?classId=0720", "des_title": "统计数据", "des_url": "http://gk.chengdu.gov.cn/govInfoPub/dept.action?classId=072001&childId=072001020404&tn=2", "gov_flag": 2, "gov_err": ""}
{"gov_id": 2283, "gov_name": "四川省|成都市|蒲江县", "org_url": "http://www.pujiang.gov.cn", "des_title": "统计公报", "des_url": "http://www.pujiang.gov.cn/index.php?cid=3327", "gov_flag": 2, "gov_err": ""}
{"gov_id": 2283, "gov_name": "四川省|成都市|蒲江县", "org_url": "http://www.pujiang.gov.cn", "des_title": "统计月报", "des_url": "http://www.pujiang.gov.cn/index.php?cid=3326", "gov_flag": 2, "gov_err": ""}
{"gov_id": 2283, "gov_name": "四川省|成都市|蒲江县", "org_url": "http://www.pujiang.gov.cn", "des_title": "统计年报", "des_url": "http://www.pujiang.gov.cn/index.php?cid=3325", "gov_flag": 2, "gov_err": ""}
{"gov_id": 2285, "gov_name": "四川省|成都市|都江堰市", "org_url": "http://www.djy.gov.cn", "des_title": "统计信息", "des_url": "http://www.djy.gov.cn/xxgk/jbxxgk/tjxx/", "gov_flag": 2, "gov_err": ""}
{"gov_id": 2286, "gov_name": "四川省|成都市|彭州市", "org_url": "http://www.pengzhou.gov.cn", "des_title": "统计信息", "des_url": "http://www.pengzhou.gov.cn/index.php/List?cid=35", "gov_flag": 2, "gov_err": ""}
{"gov_id": 2287, "gov_name": "四川省|成都市|邛崃市", "org_url": "http://www.qionglai.gov.cn", "des_title": "数据开放", "des_url": "http://www.qionglai.gov.cn/qlsgzxxw/sjkf/shuju.shtml", "gov_flag": 2, "gov_err": ""}
{"gov_id": 2319, "gov_name": "四川省|绵阳市|游仙区", "org_url": "http://www.youxian.gov.cn", "des_title": "统计公报", "des_url": "http://www.youxian.gov.cn/govopen/list.cdcb?channel=%E7%BB%9F%E8%AE%A1%E5%85%AC%E6%8A%A5", "gov_flag": 2, "gov_err": ""}
{"gov_id": 2319, "gov_name": "四川省|绵阳市|游仙区", "org_url": "http://www.youxian.gov.cn", "des_title": "月度统计", "des_url": "http://www.youxian.gov.cn/govopen/list.cdcb?channel=%E6%9C%88%E5%BA%A6%E7%BB%9F%E8%AE%A1", "gov_flag": 2, "gov_err": ""}
{"gov_id": 2319, "gov_name": "四川省|绵阳市|游仙区", "org_url": "http://www.youxian.gov.cn", "des_title": "季度统计", "des_url": "http://www.youxian.gov.cn/govopen/list.cdcb?channel=%E5%AD%A3%E5%BA%A6%E7%BB%9F%E8%AE%A1", "gov_flag": 2, "gov_err": ""}
{"gov_id": 2319, "gov_name": "四川省|绵阳市|游仙区", "org_url": "http://www.youxian.gov.cn", "des_title": "统计分析", "des_url": "http://www.youxian.gov.cn/govopen/list.cdcb?channel=%E7%BB%9F%E8%AE%A1%E5%88%86%E6%9E%90", "gov_flag": 2, "gov_err": ""}
{"gov_id": 2341, "gov_name": "四川省|内江市", "org_url": "http://www.neijiang.gov.cn", "des_title": "统计公报", "des_url": "http://tjj.neijiang.gov.cn/list?id=%E7%BB%9F%E8%AE%A1%E5%85%AC%E6%8A%A5", "gov_flag": 2, "gov_err": ""}
{"gov_id": 2341, "gov_name": "四川省|内江市", "org_url": "http://www.neijiang.gov.cn", "des_title": "进度数据", "des_url": "http://tjj.neijiang.gov.cn/list?id=%E8%BF%9B%E5%BA%A6%E6%95%B0%E6%8D%AE", "gov_flag": 2, "gov_err": ""}
{"gov_id": 2340, "gov_name": "四川省|遂宁市|大英县", "org_url": "http://www.dy.gov.cn", "des_title": "月度信息", "des_url": "http://www.dy.gov.cn/channels/224.html", "gov_flag": 2, "gov_err": ""}
{"gov_id": 2340, "gov_name": "四川省|遂宁市|大英县", "org_url": "http://www.dy.gov.cn", "des_title": "年度信息", "des_url": "http://www.dy.gov.cn/channels/222.html", "gov_flag": 2, "gov_err": ""}
{"gov_id": 2296, "gov_name": "四川省|攀枝花市", "org_url": "http://www.panzhihua.gov.cn", "des_title": "统计公报", "des_url": "http://www.panzhihua.gov.cn/zfxxgk/tjsj/tjgb/index.shtml", "gov_flag": 2, "gov_err": ""}
{"gov_id": 2296, "gov_name": "四川省|攀枝花市", "org_url": "http://www.panzhihua.gov.cn", "des_title": "月度统计", "des_url": "http://www.panzhihua.gov.cn/zfxxgk/tjsj/ydtj/index.shtml", "gov_flag": 2, "gov_err": ""}
{"gov_id": 2296, "gov_name": "四川省|攀枝花市", "org_url": "http://www.panzhihua.gov.cn", "des_title": "季度统计", "des_url": "http://www.panzhihua.gov.cn/zfxxgk/tjsj/jdtj/index.shtml", "gov_flag": 2, "gov_err": ""}
{"gov_id": 2296, "gov_name": "四川省|攀枝花市", "org_url": "http://www.panzhihua.gov.cn", "des_title": "统计分析", "des_url": "http://www.panzhihua.gov.cn/zfxxgk/tjsj/tjfx/index.shtml", "gov_flag": 2, "gov_err": ""}
{"gov_id": 2295, "gov_name": "四川省|自贡市|富顺县", "org_url": "http://www.fsxzf.gov.cn", "des_title": "统计数据", "des_url": "http://www.fsxzf.gov.cn/tjsj", "gov_flag": 2, "gov_err": ""}
{"gov_id": 2294, "gov_name": "四川省|自贡市|荣县", "org_url": "http://www.rongzhou.gov.cn", "des_title": "统计数据", "des_url": "http://www.rongzhou.gov.cn/web/rx/tjsj/-/articles/3538294.shtml", "gov_flag": 2, "gov_err": ""}
{"gov_id": 2293, "gov_name": "四川省|自贡市|沿滩区", "org_url": "http://www.zgyt.gov.cn", "des_title": "统计数据", "des_url": "http://www.zgyt.gov.cn/tjsj", "gov_flag": 2, "gov_err": ""}
{"gov_id": 2292, "gov_name": "四川省|自贡市|大安区", "org_url": "http://www.zgda.gov.cn", "des_title": "统计数据", "des_url": "http://www.zgda.gov.cn/tjsj", "gov_flag": 2, "gov_err": ""}
{"gov_id": 2291, "gov_name": "四川省|自贡市|贡井区", "org_url": "http://www.gj.gov.cn", "des_title": "统计数据", "des_url": "http://www.gj.gov.cn/tjsj", "gov_flag": 2, "gov_err": ""}
{"gov_id": 2290, "gov_name": "四川省|自贡市|自流井区", "org_url": "http://www.zlj.gov.cn", "des_title": "统计数据", "des_url": "http://www.zlj.gov.cn/tjsj", "gov_flag": 2, "gov_err": ""}
{"gov_id": 2299, "gov_name": "四川省|攀枝花市|仁和区", "org_url": "http://www.screnhe.gov.cn", "des_title": "统计信息", "des_url": "http://www.screnhe.gov.cn/Open/List/20150716232844134", "gov_flag": 2, "gov_err": ""}
{"gov_id": 2298, "gov_name": "四川省|攀枝花市|西区", "org_url": "http://www.pzhsxq.gov.cn", "des_title": "统计公报", "des_url": "http://www.pzhsxq.gov.cn/xxgk/tjxx/tjgb/index.shtml", "gov_flag": 2, "gov_err": ""}
{"gov_id": 2298, "gov_name": "四川省|攀枝花市|西区", "org_url": "http://www.pzhsxq.gov.cn", "des_title": "统计数据", "des_url": "http://www.pzhsxq.gov.cn/xxgk/tjxx/tjsj/index.shtml", "gov_flag": 2, "gov_err": ""}
